16:36:19 **** Incremental Build of configuration Debug for project CMSIS_LPC43xx_DriverLib ****
make all 
make: Nothing to be done for `all'.
16:36:20 **** Incremental Build of configuration Debug for project osek ****
make all 
Building file: ../src/blinking.c
Invoking: MCU C Compiler
arm-none-eabi-gcc -D__REDLIB__ -DCPU=lpc4337 -DDEBUG -D__CODE_RED -DCORE_M4 -D__USE_CMSIS=CMSIS_LPC43xx_DriverLib -D__LPC43XX__ -D__MULTICORE_NONE -I"/home/pablo/Dropbox/Privado/FRBA/DPLab/osek_lpc4337/CMSIS_LPC43xx_DriverLib/inc" -O0 -g3 -Wall -c -fmessage-length=0 -fno-builtin -ffunction-sections -fdata-sections -fsingle-precision-constant -mcpu=cortex-m4 -mfpu=fpv4-sp-d16 -mfloat-abi=softfp -mthumb -specs=redlib.specs -MMD -MP -MF"src/blinking.d" -MT"src/blinking.d" -o "src/blinking.o" "../src/blinking.c"
In file included from ../src/Types.h:67:0,
                 from ../src/os.h:76,
                 from ../src/blinking.c:61:
/home/pablo/Dropbox/Privado/FRBA/DPLab/osek_lpc4337/CMSIS_LPC43xx_DriverLib/inc/lpc_types.h:204:0: warning: "INLINE" redefined [enabled by default]
 #define INLINE inline
 ^
In file included from ../src/Types.h:66:0,
                 from ../src/os.h:76,
                 from ../src/blinking.c:61:
../src/Compiler.h:94:0: note: this is the location of the previous definition
 #define INLINE
 ^
In file included from ../src/os.h:76:0,
                 from ../src/blinking.c:61:
../src/Types.h:105:0: warning: "INLINE" redefined [enabled by default]
 #define INLINE
 ^
In file included from ../src/Types.h:67:0,
                 from ../src/os.h:76,
                 from ../src/blinking.c:61:
/home/pablo/Dropbox/Privado/FRBA/DPLab/osek_lpc4337/CMSIS_LPC43xx_DriverLib/inc/lpc_types.h:204:0: note: this is the location of the previous definition
 #define INLINE inline
 ^
In file included from ../src/Types.h:127:0,
                 from ../src/os.h:76,
                 from ../src/blinking.c:61:
../src/Types_Arch.h:71:0: warning: "NULL" redefined [enabled by default]
 #define NULL ((void *)0)
 ^
In file included from ../src/Types.h:67:0,
                 from ../src/os.h:76,
                 from ../src/blinking.c:61:
/home/pablo/Dropbox/Privado/FRBA/DPLab/osek_lpc4337/CMSIS_LPC43xx_DriverLib/inc/lpc_types.h:137:0: note: this is the location of the previous definition
 #define NULL ((void*) 0)
 ^
../src/blinking.c: In function 'main':
../src/blinking.c:93:2: warning: implicit declaration of function 'printf' [-Wimplicit-function-declaration]
  printf("[main]StartOS\n");
  ^
Finished building: ../src/blinking.c
 
Building file: ../src/ciaaIO.c
Invoking: MCU C Compiler
arm-none-eabi-gcc -D__REDLIB__ -DCPU=lpc4337 -DDEBUG -D__CODE_RED -DCORE_M4 -D__USE_CMSIS=CMSIS_LPC43xx_DriverLib -D__LPC43XX__ -D__MULTICORE_NONE -I"/home/pablo/Dropbox/Privado/FRBA/DPLab/osek_lpc4337/CMSIS_LPC43xx_DriverLib/inc" -O0 -g3 -Wall -c -fmessage-length=0 -fno-builtin -ffunction-sections -fdata-sections -fsingle-precision-constant -mcpu=cortex-m4 -mfpu=fpv4-sp-d16 -mfloat-abi=softfp -mthumb -specs=redlib.specs -MMD -MP -MF"src/ciaaIO.d" -MT"src/ciaaIO.d" -o "src/ciaaIO.o" "../src/ciaaIO.c"
Finished building: ../src/ciaaIO.c
 
Building file: ../src/ciaaUART.c
Invoking: MCU C Compiler
arm-none-eabi-gcc -D__REDLIB__ -DCPU=lpc4337 -DDEBUG -D__CODE_RED -DCORE_M4 -D__USE_CMSIS=CMSIS_LPC43xx_DriverLib -D__LPC43XX__ -D__MULTICORE_NONE -I"/home/pablo/Dropbox/Privado/FRBA/DPLab/osek_lpc4337/CMSIS_LPC43xx_DriverLib/inc" -O0 -g3 -Wall -c -fmessage-length=0 -fno-builtin -ffunction-sections -fdata-sections -fsingle-precision-constant -mcpu=cortex-m4 -mfpu=fpv4-sp-d16 -mfloat-abi=softfp -mthumb -specs=redlib.specs -MMD -MP -MF"src/ciaaUART.d" -MT"src/ciaaUART.d" -o "src/ciaaUART.o" "../src/ciaaUART.c"
Finished building: ../src/ciaaUART.c
 
Building file: ../src/cr_startup_lpc43xx.c
Invoking: MCU C Compiler
arm-none-eabi-gcc -D__REDLIB__ -DCPU=lpc4337 -DDEBUG -D__CODE_RED -DCORE_M4 -D__USE_CMSIS=CMSIS_LPC43xx_DriverLib -D__LPC43XX__ -D__MULTICORE_NONE -I"/home/pablo/Dropbox/Privado/FRBA/DPLab/osek_lpc4337/CMSIS_LPC43xx_DriverLib/inc" -O0 -g3 -Wall -c -fmessage-length=0 -fno-builtin -ffunction-sections -fdata-sections -fsingle-precision-constant -mcpu=cortex-m4 -mfpu=fpv4-sp-d16 -mfloat-abi=softfp -mthumb -specs=redlib.specs -MMD -MP -MF"src/cr_startup_lpc43xx.d" -MT"src/cr_startup_lpc43xx.d" -o "src/cr_startup_lpc43xx.o" "../src/cr_startup_lpc43xx.c"
Finished building: ../src/cr_startup_lpc43xx.c
 
Building file: ../src/crp.c
Invoking: MCU C Compiler
arm-none-eabi-gcc -D__REDLIB__ -DCPU=lpc4337 -DDEBUG -D__CODE_RED -DCORE_M4 -D__USE_CMSIS=CMSIS_LPC43xx_DriverLib -D__LPC43XX__ -D__MULTICORE_NONE -I"/home/pablo/Dropbox/Privado/FRBA/DPLab/osek_lpc4337/CMSIS_LPC43xx_DriverLib/inc" -O0 -g3 -Wall -c -fmessage-length=0 -fno-builtin -ffunction-sections -fdata-sections -fsingle-precision-constant -mcpu=cortex-m4 -mfpu=fpv4-sp-d16 -mfloat-abi=softfp -mthumb -specs=redlib.specs -MMD -MP -MF"src/crp.d" -MT"src/crp.d" -o "src/crp.o" "../src/crp.c"
Finished building: ../src/crp.c
 
Building target: osek.axf
Invoking: MCU Linker
arm-none-eabi-gcc -nostdlib -L"/home/pablo/Dropbox/Privado/FRBA/DPLab/osek_lpc4337/CMSIS_LPC43xx_DriverLib/Debug" -Xlinker -Map="osek.map" -Xlinker --gc-sections -mcpu=cortex-m4 -mfpu=fpv4-sp-d16 -mfloat-abi=softfp -mthumb -T "osek_Debug.ld" -o "osek.axf"  ./src/ActivateTask.o ./src/CancelAlarm.o ./src/ChainTask.o ./src/ClearEvent.o ./src/GetActiveApplicationMode.o ./src/GetAlarm.o ./src/GetAlarmBase.o ./src/GetEvent.o ./src/GetResource.o ./src/GetTaskID.o ./src/GetTaskState.o ./src/Os.o ./src/Os_Arch.o ./src/Os_Cfg.o ./src/Os_Internal.o ./src/Os_Internal_Arch.o ./src/Os_Internal_Cfg.o ./src/PendSV.o ./src/ReleaseResource.o ./src/Schedule.o ./src/SetAbsAlarm.o ./src/SetEvent.o ./src/SetRelAlarm.o ./src/ShutdownOS.o ./src/StartOS.o ./src/StartOs_Arch.o ./src/TerminateTask.o ./src/WaitEvent.o ./src/blinking.o ./src/ciaaIO.o ./src/ciaaUART.o ./src/cr_startup_lpc43xx.o ./src/crp.o   -lCMSIS_LPC43xx_DriverLib
Finished building target: osek.axf
 
make --no-print-directory post-build
Performing post-build steps
arm-none-eabi-size "osek.axf"; # arm-none-eabi-objcopy -v -O binary "osek.axf" "osek.bin" ; # checksum -p LPC4337 -d "osek.bin";
   text	   data	    bss	    dec	    hex	filename
  21576	     88	   6688	  28352	   6ec0	osek.axf
 
16:50:23 **** Clean-only build of configuration Debug for project CIAA-Demo ****
make clean 
rm -rf  ./src/Emac/src/emac.o ./src/Emac/src/tcpip.o ./src/Emac/src/webserver.o  ./src/ciaaI2C.o ./src/ciaaIO.o ./src/ciaaUART.o ./src/cr_start_m0.o ./src/cr_startup_lpc43xx.o ./src/crp.o ./src/database.o ./src/main.o  ./src/Emac/src/emac.d ./src/Emac/src/tcpip.d ./src/Emac/src/webserver.d  ./src/ciaaI2C.d ./src/ciaaIO.d ./src/ciaaUART.d ./src/cr_start_m0.d ./src/cr_startup_lpc43xx.d ./src/crp.d ./src/database.d ./src/main.d  CIAA-Demo.axf
 
16:50:23 **** Clean-only build of configuration Debug for project CIAA-Demo-M0 ****
make clean 
rm -rf  ./src/cr_startup_lpc43xx-m0app.o ./src/main_m0.o  ./src/cr_startup_lpc43xx-m0app.d ./src/main_m0.d  CIAA-Demo-M0.axf
 
16:50:23 **** Clean-only build of configuration Debug for project CMSIS_LPC43xx_DriverLib ****
make clean 
rm -rf  ./src/Font5x7.o ./src/LCDTerm.o ./src/debug_frmwrk.o ./src/lpc43xx_adc.o ./src/lpc43xx_atimer.o ./src/lpc43xx_can.o ./src/lpc43xx_cgu.o ./src/lpc43xx_dac.o ./src/lpc43xx_emc.o ./src/lpc43xx_evrt.o ./src/lpc43xx_gpdma.o ./src/lpc43xx_gpio.o ./src/lpc43xx_i2c.o ./src/lpc43xx_i2s.o ./src/lpc43xx_lcd.o ./src/lpc43xx_mcpwm.o ./src/lpc43xx_nvic.o ./src/lpc43xx_pwr.o ./src/lpc43xx_qei.o ./src/lpc43xx_rgu.o ./src/lpc43xx_rit.o ./src/lpc43xx_rtc.o ./src/lpc43xx_sct.o ./src/lpc43xx_scu.o ./src/lpc43xx_sdif.o ./src/lpc43xx_sdmmc.o ./src/lpc43xx_ssp.o ./src/lpc43xx_timer.o ./src/lpc43xx_uart.o ./src/lpc43xx_wwdt.o ./src/sdio.o ./src/system_LPC43xx.o  ./src/Font5x7.d ./src/LCDTerm.d ./src/debug_frmwrk.d ./src/lpc43xx_adc.d ./src/lpc43xx_atimer.d ./src/lpc43xx_can.d ./src/lpc43xx_cgu.d ./src/lpc43xx_dac.d ./src/lpc43xx_emc.d ./src/lpc43xx_evrt.d ./src/lpc43xx_gpdma.d ./src/lpc43xx_gpio.d ./src/lpc43xx_i2c.d ./src/lpc43xx_i2s.d ./src/lpc43xx_lcd.d ./src/lpc43xx_mcpwm.d ./src/lpc43xx_nvic.d ./src/lpc43xx_pwr.d ./src/lpc43xx_qei.d ./src/lpc43xx_rgu.d ./src/lpc43xx_rit.d ./src/lpc43xx_rtc.d ./src/lpc43xx_sct.d ./src/lpc43xx_scu.d ./src/lpc43xx_sdif.d ./src/lpc43xx_sdmmc.d ./src/lpc43xx_ssp.d ./src/lpc43xx_timer.d ./src/lpc43xx_uart.d ./src/lpc43xx_wwdt.d ./src/sdio.d ./src/system_LPC43xx.d  libCMSIS_LPC43xx_DriverLib.a
 
16:50:23 **** Clean-only build of configuration Debug for project CMSIS_LPC43xx_DriverLib-M0 ****
make clean 
rm -rf  ./src/Font5x7.o ./src/LCDTerm.o ./src/debug_frmwrk.o ./src/lpc43xx_adc.o ./src/lpc43xx_atimer.o ./src/lpc43xx_can.o ./src/lpc43xx_cgu.o ./src/lpc43xx_dac.o ./src/lpc43xx_emc.o ./src/lpc43xx_evrt.o ./src/lpc43xx_gpdma.o ./src/lpc43xx_gpio.o ./src/lpc43xx_i2c.o ./src/lpc43xx_i2s.o ./src/lpc43xx_lcd.o ./src/lpc43xx_mcpwm.o ./src/lpc43xx_pwr.o ./src/lpc43xx_qei.o ./src/lpc43xx_rgu.o ./src/lpc43xx_rit.o ./src/lpc43xx_rtc.o ./src/lpc43xx_sct.o ./src/lpc43xx_scu.o ./src/lpc43xx_sdif.o ./src/lpc43xx_sdmmc.o ./src/lpc43xx_ssp.o ./src/lpc43xx_timer.o ./src/lpc43xx_uart.o ./src/lpc43xx_wwdt.o ./src/sdio.o  ./src/Font5x7.d ./src/LCDTerm.d ./src/debug_frmwrk.d ./src/lpc43xx_adc.d ./src/lpc43xx_atimer.d ./src/lpc43xx_can.d ./src/lpc43xx_cgu.d ./src/lpc43xx_dac.d ./src/lpc43xx_emc.d ./src/lpc43xx_evrt.d ./src/lpc43xx_gpdma.d ./src/lpc43xx_gpio.d ./src/lpc43xx_i2c.d ./src/lpc43xx_i2s.d ./src/lpc43xx_lcd.d ./src/lpc43xx_mcpwm.d ./src/lpc43xx_pwr.d ./src/lpc43xx_qei.d ./src/lpc43xx_rgu.d ./src/lpc43xx_rit.d ./src/lpc43xx_rtc.d ./src/lpc43xx_sct.d ./src/lpc43xx_scu.d ./src/lpc43xx_sdif.d ./src/lpc43xx_sdmmc.d ./src/lpc43xx_ssp.d ./src/lpc43xx_timer.d ./src/lpc43xx_uart.d ./src/lpc43xx_wwdt.d ./src/sdio.d  libCMSIS_LPC43xx_DriverLib-M0.a
 
16:50:23 **** Clean-only build of configuration Debug for project osek ****
make clean 
rm -rf  ./src/ActivateTask.o ./src/CancelAlarm.o ./src/ChainTask.o ./src/ClearEvent.o ./src/GetActiveApplicationMode.o ./src/GetAlarm.o ./src/GetAlarmBase.o ./src/GetEvent.o ./src/GetResource.o ./src/GetTaskID.o ./src/GetTaskState.o ./src/Os.o ./src/Os_Arch.o ./src/Os_Cfg.o ./src/Os_Internal.o ./src/Os_Internal_Arch.o ./src/Os_Internal_Cfg.o ./src/PendSV.o ./src/ReleaseResource.o ./src/Schedule.o ./src/SetAbsAlarm.o ./src/SetEvent.o ./src/SetRelAlarm.o ./src/ShutdownOS.o ./src/StartOS.o ./src/StartOs_Arch.o ./src/TerminateTask.o ./src/WaitEvent.o ./src/blinking.o ./src/ciaaIO.o ./src/ciaaUART.o ./src/cr_startup_lpc43xx.o ./src/crp.o  ./src/ActivateTask.d ./src/CancelAlarm.d ./src/ChainTask.d ./src/ClearEvent.d ./src/GetActiveApplicationMode.d ./src/GetAlarm.d ./src/GetAlarmBase.d ./src/GetEvent.d ./src/GetResource.d ./src/GetTaskID.d ./src/GetTaskState.d ./src/Os.d ./src/Os_Arch.d ./src/Os_Cfg.d ./src/Os_Internal.d ./src/Os_Internal_Arch.d ./src/Os_Internal_Cfg.d ./src/ReleaseResource.d ./src/Schedule.d ./src/SetAbsAlarm.d ./src/SetEvent.d ./src/SetRelAlarm.d ./src/ShutdownOS.d ./src/StartOS.d ./src/StartOs_Arch.d ./src/TerminateTask.d ./src/WaitEvent.d ./src/blinking.d ./src/ciaaIO.d ./src/ciaaUART.d ./src/cr_startup_lpc43xx.d ./src/crp.d  osek.axf
 
