11:40:08 **** Incremental Build of configuration Debug for project lpc_board_ngx_xplorer_4330 ****
make all 
make: Nothing to be done for `all'.
11:42:01 **** Incremental Build of configuration Debug for project lpc_chip_43xx ****
make all 
make: Nothing to be done for `all'.
11:42:01 **** Incremental Build of configuration Debug for project ciaaTest ****
make all 
Building file: ../src/ciaaI2C.c
Invoking: MCU C Compiler
arm-none-eabi-gcc -D__REDLIB__ -D__MULTICORE_NONE -DDEBUG -D__CODE_RED -DCORE_M4 -D__USE_LPCOPEN -DNO_BOARD_LIB -D__LPC43XX__ -I"/home/pablo/Documents/CIAA-Repositories/EOPT/workspace_lpcopen/lpc_chip_43xx/inc" -O0 -g3 -Wall -c -fmessage-length=0 -fno-builtin -ffunction-sections -fdata-sections -fsingle-precision-constant -mcpu=cortex-m4 -mfpu=fpv4-sp-d16 -mfloat-abi=softfp -mthumb -specs=redlib.specs -MMD -MP -MF"src/ciaaI2C.d" -MT"src/ciaaI2C.d" -o "src/ciaaI2C.o" "../src/ciaaI2C.c"
Finished building: ../src/ciaaI2C.c
 
Building target: ciaaTest.axf
Invoking: MCU Linker
arm-none-eabi-gcc -nostdlib -L"/home/pablo/Documents/CIAA-Repositories/EOPT/workspace_lpcopen/lpc_chip_43xx/Debug" -Xlinker -Map="ciaaTest.map" -Xlinker --gc-sections -mcpu=cortex-m4 -mfpu=fpv4-sp-d16 -mfloat-abi=softfp -mthumb -T "ciaaTest_Debug.ld" -o "ciaaTest.axf"  ./src/ciaaAIN.o ./src/ciaaAOUT.o ./src/ciaaI2C.o ./src/ciaaIO.o ./src/ciaaNVM.o ./src/ciaaTest.o ./src/ciaaUART.o ./src/cr_startup_lpc43xx.o ./src/crp.o ./src/sysinit.o   -llpc_chip_43xx
Finished building target: ciaaTest.axf
 
make --no-print-directory post-build
Performing post-build steps
arm-none-eabi-size "ciaaTest.axf"; # arm-none-eabi-objcopy -v -O binary "ciaaTest.axf" "ciaaTest.bin" ; # checksum -p LPC4337 -d "ciaaTest.bin";
   text	   data	    bss	    dec	    hex	filename
   4716	     64	   2072	   6852	   1ac4	ciaaTest.axf
 
11:45:44 **** Incremental Build of configuration Debug for project lpc_chip_43xx ****
make all 
make: Nothing to be done for `all'.
11:45:44 **** Incremental Build of configuration Debug for project ciaaTest ****
make all 
Building file: ../src/ciaaTest.c
Invoking: MCU C Compiler
arm-none-eabi-gcc -D__REDLIB__ -D__MULTICORE_NONE -DDEBUG -D__CODE_RED -DCORE_M4 -D__USE_LPCOPEN -DNO_BOARD_LIB -D__LPC43XX__ -I"/home/pablo/Documents/CIAA-Repositories/EOPT/workspace_lpcopen/lpc_chip_43xx/inc" -O0 -g3 -Wall -c -fmessage-length=0 -fno-builtin -ffunction-sections -fdata-sections -fsingle-precision-constant -mcpu=cortex-m4 -mfpu=fpv4-sp-d16 -mfloat-abi=softfp -mthumb -specs=redlib.specs -MMD -MP -MF"src/ciaaTest.d" -MT"src/ciaaTest.d" -o "src/ciaaTest.o" "../src/ciaaTest.c"
Finished building: ../src/ciaaTest.c
 
Building target: ciaaTest.axf
Invoking: MCU Linker
arm-none-eabi-gcc -nostdlib -L"/home/pablo/Documents/CIAA-Repositories/EOPT/workspace_lpcopen/lpc_chip_43xx/Debug" -Xlinker -Map="ciaaTest.map" -Xlinker --gc-sections -mcpu=cortex-m4 -mfpu=fpv4-sp-d16 -mfloat-abi=softfp -mthumb -T "ciaaTest_Debug.ld" -o "ciaaTest.axf"  ./src/ciaaAIN.o ./src/ciaaAOUT.o ./src/ciaaI2C.o ./src/ciaaIO.o ./src/ciaaNVM.o ./src/ciaaTest.o ./src/ciaaUART.o ./src/cr_startup_lpc43xx.o ./src/crp.o ./src/sysinit.o   -llpc_chip_43xx
Finished building target: ciaaTest.axf
 
make --no-print-directory post-build
Performing post-build steps
arm-none-eabi-size "ciaaTest.axf"; # arm-none-eabi-objcopy -v -O binary "ciaaTest.axf" "ciaaTest.bin" ; # checksum -p LPC4337 -d "ciaaTest.bin";
   text	   data	    bss	    dec	    hex	filename
   6724	     64	   2076	   8864	   22a0	ciaaTest.axf
 
11:50:36 **** Incremental Build of configuration Debug for project lpc_chip_43xx ****
make all 
make: Nothing to be done for `all'.
11:50:37 **** Incremental Build of configuration Debug for project ciaaTest ****
make all 
Building file: ../src/ciaaTest.c
Invoking: MCU C Compiler
arm-none-eabi-gcc -D__REDLIB__ -D__MULTICORE_NONE -DDEBUG -D__CODE_RED -DCORE_M4 -D__USE_LPCOPEN -DNO_BOARD_LIB -D__LPC43XX__ -I"/home/pablo/Documents/CIAA-Repositories/EOPT/workspace_lpcopen/lpc_chip_43xx/inc" -O0 -g3 -Wall -c -fmessage-length=0 -fno-builtin -ffunction-sections -fdata-sections -fsingle-precision-constant -mcpu=cortex-m4 -mfpu=fpv4-sp-d16 -mfloat-abi=softfp -mthumb -specs=redlib.specs -MMD -MP -MF"src/ciaaTest.d" -MT"src/ciaaTest.d" -o "src/ciaaTest.o" "../src/ciaaTest.c"
Finished building: ../src/ciaaTest.c
 
Building target: ciaaTest.axf
Invoking: MCU Linker
arm-none-eabi-gcc -nostdlib -L"/home/pablo/Documents/CIAA-Repositories/EOPT/workspace_lpcopen/lpc_chip_43xx/Debug" -Xlinker -Map="ciaaTest.map" -Xlinker --gc-sections -mcpu=cortex-m4 -mfpu=fpv4-sp-d16 -mfloat-abi=softfp -mthumb -T "ciaaTest_Debug.ld" -o "ciaaTest.axf"  ./src/ciaaAIN.o ./src/ciaaAOUT.o ./src/ciaaI2C.o ./src/ciaaIO.o ./src/ciaaNVM.o ./src/ciaaTest.o ./src/ciaaUART.o ./src/cr_startup_lpc43xx.o ./src/crp.o ./src/sysinit.o   -llpc_chip_43xx
/usr/local/lpcxpresso_7.2.0_153/lpcxpresso/tools/bin/../lib/gcc/arm-none-eabi/4.8.3/../../../../arm-none-eabi/lib/armv7e-m/softfp/libcr_c.a(_deferredlazyseek.o): In function `__flsbuf':
_deferredlazyseek.c:(.text.__flsbuf+0x84): undefined reference to `__sys_istty'
/usr/local/lpcxpresso_7.2.0_153/lpcxpresso/tools/bin/../lib/gcc/arm-none-eabi/4.8.3/../../../../arm-none-eabi/lib/armv7e-m/softfp/libcr_c.a(_writebuf.o): In function `_Cwritebuf':
_writebuf.c:(.text._Cwritebuf+0x14): undefined reference to `__sys_flen'
_writebuf.c:(.text._Cwritebuf+0x28): undefined reference to `__sys_seek'
_writebuf.c:(.text._Cwritebuf+0x40): undefined reference to `__sys_write'
/usr/local/lpcxpresso_7.2.0_153/lpcxpresso/tools/bin/../lib/gcc/arm-none-eabi/4.8.3/../../../../arm-none-eabi/lib/armv7e-m/softfp/libcr_c.a(alloc.o): In function `_Csys_alloc':
alloc.c:(.text._Csys_alloc+0xe): undefined reference to `__sys_write'
alloc.c:(.text._Csys_alloc+0x12): undefined reference to `__sys_appexit'
/usr/local/lpcxpresso_7.2.0_153/lpcxpresso/tools/bin/../lib/gcc/arm-none-eabi/4.8.3/../../../../arm-none-eabi/lib/armv7e-m/softfp/libcr_c.a(fseek.o): In function `fseek':
fseek.c:(.text.fseek+0x1a): undefined reference to `__sys_istty'
fseek.c:(.text.fseek+0x44): undefined reference to `__sys_flen'
collect2: error: ld returned 1 exit status
make: *** [ciaaTest.axf] Error 1
11:50:49 **** Incremental Build of configuration Debug for project lpc_chip_43xx ****
make all 
make: Nothing to be done for `all'.
11:50:49 **** Clean-only build of configuration Debug for project ciaaTest ****
make clean 
rm -rf  ./src/ciaaAIN.o ./src/ciaaAOUT.o ./src/ciaaI2C.o ./src/ciaaIO.o ./src/ciaaNVM.o ./src/ciaaTest.o ./src/ciaaUART.o ./src/cr_startup_lpc43xx.o ./src/crp.o ./src/sysinit.o  ./src/ciaaAIN.d ./src/ciaaAOUT.d ./src/ciaaI2C.d ./src/ciaaIO.d ./src/ciaaNVM.d ./src/ciaaTest.d ./src/ciaaUART.d ./src/cr_startup_lpc43xx.d ./src/crp.d ./src/sysinit.d  ciaaTest.axf
 
11:50:49 **** Incremental Build of configuration Debug for project ciaaTest ****
make all 
Building file: ../src/ciaaAIN.c
Invoking: MCU C Compiler
arm-none-eabi-gcc -D__REDLIB__ -D__MULTICORE_NONE -DDEBUG -D__CODE_RED -DCORE_M4 -D__USE_LPCOPEN -DNO_BOARD_LIB -D__LPC43XX__ -I"/home/pablo/Documents/CIAA-Repositories/EOPT/workspace_lpcopen/lpc_chip_43xx/inc" -O0 -g3 -Wall -c -fmessage-length=0 -fno-builtin -ffunction-sections -fdata-sections -fsingle-precision-constant -mcpu=cortex-m4 -mfpu=fpv4-sp-d16 -mfloat-abi=softfp -mthumb -specs=redlib.specs -MMD -MP -MF"src/ciaaAIN.d" -MT"src/ciaaAIN.d" -o "src/ciaaAIN.o" "../src/ciaaAIN.c"
Finished building: ../src/ciaaAIN.c
 
Building file: ../src/ciaaAOUT.c
Invoking: MCU C Compiler
arm-none-eabi-gcc -D__REDLIB__ -D__MULTICORE_NONE -DDEBUG -D__CODE_RED -DCORE_M4 -D__USE_LPCOPEN -DNO_BOARD_LIB -D__LPC43XX__ -I"/home/pablo/Documents/CIAA-Repositories/EOPT/workspace_lpcopen/lpc_chip_43xx/inc" -O0 -g3 -Wall -c -fmessage-length=0 -fno-builtin -ffunction-sections -fdata-sections -fsingle-precision-constant -mcpu=cortex-m4 -mfpu=fpv4-sp-d16 -mfloat-abi=softfp -mthumb -specs=redlib.specs -MMD -MP -MF"src/ciaaAOUT.d" -MT"src/ciaaAOUT.d" -o "src/ciaaAOUT.o" "../src/ciaaAOUT.c"
Finished building: ../src/ciaaAOUT.c
 
Building file: ../src/ciaaI2C.c
Invoking: MCU C Compiler
arm-none-eabi-gcc -D__REDLIB__ -D__MULTICORE_NONE -DDEBUG -D__CODE_RED -DCORE_M4 -D__USE_LPCOPEN -DNO_BOARD_LIB -D__LPC43XX__ -I"/home/pablo/Documents/CIAA-Repositories/EOPT/workspace_lpcopen/lpc_chip_43xx/inc" -O0 -g3 -Wall -c -fmessage-length=0 -fno-builtin -ffunction-sections -fdata-sections -fsingle-precision-constant -mcpu=cortex-m4 -mfpu=fpv4-sp-d16 -mfloat-abi=softfp -mthumb -specs=redlib.specs -MMD -MP -MF"src/ciaaI2C.d" -MT"src/ciaaI2C.d" -o "src/ciaaI2C.o" "../src/ciaaI2C.c"
Finished building: ../src/ciaaI2C.c
 
Building file: ../src/ciaaIO.c
Invoking: MCU C Compiler
arm-none-eabi-gcc -D__REDLIB__ -D__MULTICORE_NONE -DDEBUG -D__CODE_RED -DCORE_M4 -D__USE_LPCOPEN -DNO_BOARD_LIB -D__LPC43XX__ -I"/home/pablo/Documents/CIAA-Repositories/EOPT/workspace_lpcopen/lpc_chip_43xx/inc" -O0 -g3 -Wall -c -fmessage-length=0 -fno-builtin -ffunction-sections -fdata-sections -fsingle-precision-constant -mcpu=cortex-m4 -mfpu=fpv4-sp-d16 -mfloat-abi=softfp -mthumb -specs=redlib.specs -MMD -MP -MF"src/ciaaIO.d" -MT"src/ciaaIO.d" -o "src/ciaaIO.o" "../src/ciaaIO.c"
Finished building: ../src/ciaaIO.c
 
Building file: ../src/ciaaNVM.c
Invoking: MCU C Compiler
arm-none-eabi-gcc -D__REDLIB__ -D__MULTICORE_NONE -DDEBUG -D__CODE_RED -DCORE_M4 -D__USE_LPCOPEN -DNO_BOARD_LIB -D__LPC43XX__ -I"/home/pablo/Documents/CIAA-Repositories/EOPT/workspace_lpcopen/lpc_chip_43xx/inc" -O0 -g3 -Wall -c -fmessage-length=0 -fno-builtin -ffunction-sections -fdata-sections -fsingle-precision-constant -mcpu=cortex-m4 -mfpu=fpv4-sp-d16 -mfloat-abi=softfp -mthumb -specs=redlib.specs -MMD -MP -MF"src/ciaaNVM.d" -MT"src/ciaaNVM.d" -o "src/ciaaNVM.o" "../src/ciaaNVM.c"
Finished building: ../src/ciaaNVM.c
 
Building file: ../src/ciaaTest.c
Invoking: MCU C Compiler
arm-none-eabi-gcc -D__REDLIB__ -D__MULTICORE_NONE -DDEBUG -D__CODE_RED -DCORE_M4 -D__USE_LPCOPEN -DNO_BOARD_LIB -D__LPC43XX__ -I"/home/pablo/Documents/CIAA-Repositories/EOPT/workspace_lpcopen/lpc_chip_43xx/inc" -O0 -g3 -Wall -c -fmessage-length=0 -fno-builtin -ffunction-sections -fdata-sections -fsingle-precision-constant -mcpu=cortex-m4 -mfpu=fpv4-sp-d16 -mfloat-abi=softfp -mthumb -specs=redlib.specs -MMD -MP -MF"src/ciaaTest.d" -MT"src/ciaaTest.d" -o "src/ciaaTest.o" "../src/ciaaTest.c"
Finished building: ../src/ciaaTest.c
 
Building file: ../src/ciaaUART.c
Invoking: MCU C Compiler
arm-none-eabi-gcc -D__REDLIB__ -D__MULTICORE_NONE -DDEBUG -D__CODE_RED -DCORE_M4 -D__USE_LPCOPEN -DNO_BOARD_LIB -D__LPC43XX__ -I"/home/pablo/Documents/CIAA-Repositories/EOPT/workspace_lpcopen/lpc_chip_43xx/inc" -O0 -g3 -Wall -c -fmessage-length=0 -fno-builtin -ffunction-sections -fdata-sections -fsingle-precision-constant -mcpu=cortex-m4 -mfpu=fpv4-sp-d16 -mfloat-abi=softfp -mthumb -specs=redlib.specs -MMD -MP -MF"src/ciaaUART.d" -MT"src/ciaaUART.d" -o "src/ciaaUART.o" "../src/ciaaUART.c"
Finished building: ../src/ciaaUART.c
 
Building file: ../src/cr_startup_lpc43xx.c
Invoking: MCU C Compiler
arm-none-eabi-gcc -D__REDLIB__ -D__MULTICORE_NONE -DDEBUG -D__CODE_RED -DCORE_M4 -D__USE_LPCOPEN -DNO_BOARD_LIB -D__LPC43XX__ -I"/home/pablo/Documents/CIAA-Repositories/EOPT/workspace_lpcopen/lpc_chip_43xx/inc" -O0 -g3 -Wall -c -fmessage-length=0 -fno-builtin -ffunction-sections -fdata-sections -fsingle-precision-constant -mcpu=cortex-m4 -mfpu=fpv4-sp-d16 -mfloat-abi=softfp -mthumb -specs=redlib.specs -MMD -MP -MF"src/cr_startup_lpc43xx.d" -MT"src/cr_startup_lpc43xx.d" -o "src/cr_startup_lpc43xx.o" "../src/cr_startup_lpc43xx.c"
Finished building: ../src/cr_startup_lpc43xx.c
 
Building file: ../src/crp.c
Invoking: MCU C Compiler
arm-none-eabi-gcc -D__REDLIB__ -D__MULTICORE_NONE -DDEBUG -D__CODE_RED -DCORE_M4 -D__USE_LPCOPEN -DNO_BOARD_LIB -D__LPC43XX__ -I"/home/pablo/Documents/CIAA-Repositories/EOPT/workspace_lpcopen/lpc_chip_43xx/inc" -O0 -g3 -Wall -c -fmessage-length=0 -fno-builtin -ffunction-sections -fdata-sections -fsingle-precision-constant -mcpu=cortex-m4 -mfpu=fpv4-sp-d16 -mfloat-abi=softfp -mthumb -specs=redlib.specs -MMD -MP -MF"src/crp.d" -MT"src/crp.d" -o "src/crp.o" "../src/crp.c"
Finished building: ../src/crp.c
 
Building file: ../src/sysinit.c
Invoking: MCU C Compiler
arm-none-eabi-gcc -D__REDLIB__ -D__MULTICORE_NONE -DDEBUG -D__CODE_RED -DCORE_M4 -D__USE_LPCOPEN -DNO_BOARD_LIB -D__LPC43XX__ -I"/home/pablo/Documents/CIAA-Repositories/EOPT/workspace_lpcopen/lpc_chip_43xx/inc" -O0 -g3 -Wall -c -fmessage-length=0 -fno-builtin -ffunction-sections -fdata-sections -fsingle-precision-constant -mcpu=cortex-m4 -mfpu=fpv4-sp-d16 -mfloat-abi=softfp -mthumb -specs=redlib.specs -MMD -MP -MF"src/sysinit.d" -MT"src/sysinit.d" -o "src/sysinit.o" "../src/sysinit.c"
Finished building: ../src/sysinit.c
 
Building target: ciaaTest.axf
Invoking: MCU Linker
arm-none-eabi-gcc -nostdlib -L"/home/pablo/Documents/CIAA-Repositories/EOPT/workspace_lpcopen/lpc_chip_43xx/Debug" -Xlinker -Map="ciaaTest.map" -Xlinker --gc-sections -mcpu=cortex-m4 -mfpu=fpv4-sp-d16 -mfloat-abi=softfp -mthumb -T "ciaaTest_Debug.ld" -o "ciaaTest.axf"  ./src/ciaaAIN.o ./src/ciaaAOUT.o ./src/ciaaI2C.o ./src/ciaaIO.o ./src/ciaaNVM.o ./src/ciaaTest.o ./src/ciaaUART.o ./src/cr_startup_lpc43xx.o ./src/crp.o ./src/sysinit.o   -llpc_chip_43xx
Finished building target: ciaaTest.axf
 
make --no-print-directory post-build
Performing post-build steps
arm-none-eabi-size "ciaaTest.axf"; # arm-none-eabi-objcopy -v -O binary "ciaaTest.axf" "ciaaTest.bin" ; # checksum -p LPC4337 -d "ciaaTest.bin";
   text	   data	    bss	    dec	    hex	filename
  17104	     64	   2416	  19584	   4c80	ciaaTest.axf
 
11:51:08 **** Incremental Build of configuration Debug for project lpc_chip_43xx ****
make all 
make: Nothing to be done for `all'.
11:51:08 **** Incremental Build of configuration Debug for project ciaaTest ****
make all 
make: Nothing to be done for `all'.
11:56:06 **** Incremental Build of configuration Debug for project lpc_chip_43xx ****
make all 
make: Nothing to be done for `all'.
11:56:07 **** Incremental Build of configuration Debug for project ciaaTest ****
make all 
Building file: ../src/ciaaTest.c
Invoking: MCU C Compiler
arm-none-eabi-gcc -D__REDLIB__ -D__MULTICORE_NONE -DDEBUG -D__CODE_RED -DCORE_M4 -D__USE_LPCOPEN -DNO_BOARD_LIB -D__LPC43XX__ -I"/home/pablo/Documents/CIAA-Repositories/EOPT/workspace_lpcopen/lpc_chip_43xx/inc" -O0 -g3 -Wall -c -fmessage-length=0 -fno-builtin -ffunction-sections -fdata-sections -fsingle-precision-constant -mcpu=cortex-m4 -mfpu=fpv4-sp-d16 -mfloat-abi=softfp -mthumb -specs=redlib.specs -MMD -MP -MF"src/ciaaTest.d" -MT"src/ciaaTest.d" -o "src/ciaaTest.o" "../src/ciaaTest.c"
Finished building: ../src/ciaaTest.c
 
Building target: ciaaTest.axf
Invoking: MCU Linker
arm-none-eabi-gcc -nostdlib -L"/home/pablo/Documents/CIAA-Repositories/EOPT/workspace_lpcopen/lpc_chip_43xx/Debug" -Xlinker -Map="ciaaTest.map" -Xlinker --gc-sections -mcpu=cortex-m4 -mfpu=fpv4-sp-d16 -mfloat-abi=softfp -mthumb -T "ciaaTest_Debug.ld" -o "ciaaTest.axf"  ./src/ciaaAIN.o ./src/ciaaAOUT.o ./src/ciaaI2C.o ./src/ciaaIO.o ./src/ciaaNVM.o ./src/ciaaTest.o ./src/ciaaUART.o ./src/cr_startup_lpc43xx.o ./src/crp.o ./src/sysinit.o   -llpc_chip_43xx
Finished building target: ciaaTest.axf
 
make --no-print-directory post-build
Performing post-build steps
arm-none-eabi-size "ciaaTest.axf"; # arm-none-eabi-objcopy -v -O binary "ciaaTest.axf" "ciaaTest.bin" ; # checksum -p LPC4337 -d "ciaaTest.bin";
   text	   data	    bss	    dec	    hex	filename
  17216	     64	   2416	  19696	   4cf0	ciaaTest.axf
 
11:56:20 **** Incremental Build of configuration Debug for project lpc_chip_43xx ****
make all 
make: Nothing to be done for `all'.
11:56:20 **** Incremental Build of configuration Debug for project ciaaTest ****
make all 
make: Nothing to be done for `all'.
11:56:46 **** Incremental Build of configuration Debug for project lpc_chip_43xx ****
make all 
make: Nothing to be done for `all'.
11:56:47 **** Incremental Build of configuration Debug for project ciaaTest ****
make all 
Building file: ../src/ciaaTest.c
Invoking: MCU C Compiler
arm-none-eabi-gcc -D__REDLIB__ -D__MULTICORE_NONE -DDEBUG -D__CODE_RED -DCORE_M4 -D__USE_LPCOPEN -DNO_BOARD_LIB -D__LPC43XX__ -I"/home/pablo/Documents/CIAA-Repositories/EOPT/workspace_lpcopen/lpc_chip_43xx/inc" -O0 -g3 -Wall -c -fmessage-length=0 -fno-builtin -ffunction-sections -fdata-sections -fsingle-precision-constant -mcpu=cortex-m4 -mfpu=fpv4-sp-d16 -mfloat-abi=softfp -mthumb -specs=redlib.specs -MMD -MP -MF"src/ciaaTest.d" -MT"src/ciaaTest.d" -o "src/ciaaTest.o" "../src/ciaaTest.c"
Finished building: ../src/ciaaTest.c
 
Building target: ciaaTest.axf
Invoking: MCU Linker
arm-none-eabi-gcc -nostdlib -L"/home/pablo/Documents/CIAA-Repositories/EOPT/workspace_lpcopen/lpc_chip_43xx/Debug" -Xlinker -Map="ciaaTest.map" -Xlinker --gc-sections -mcpu=cortex-m4 -mfpu=fpv4-sp-d16 -mfloat-abi=softfp -mthumb -T "ciaaTest_Debug.ld" -o "ciaaTest.axf"  ./src/ciaaAIN.o ./src/ciaaAOUT.o ./src/ciaaI2C.o ./src/ciaaIO.o ./src/ciaaNVM.o ./src/ciaaTest.o ./src/ciaaUART.o ./src/cr_startup_lpc43xx.o ./src/crp.o ./src/sysinit.o   -llpc_chip_43xx
Finished building target: ciaaTest.axf
 
make --no-print-directory post-build
Performing post-build steps
arm-none-eabi-size "ciaaTest.axf"; # arm-none-eabi-objcopy -v -O binary "ciaaTest.axf" "ciaaTest.bin" ; # checksum -p LPC4337 -d "ciaaTest.bin";
   text	   data	    bss	    dec	    hex	filename
  17240	     64	   2416	  19720	   4d08	ciaaTest.axf
 
